0:0:0:0:0:0:0:1 - - [11/Aug/2017:09:43:14 +0700] "GET /sleman HTTP/1.1" 302 -
0:0:0:0:0:0:0:1 - - [11/Aug/2017:09:43:15 +0700] "GET /sleman/ HTTP/1.1" 404 306
0:0:0:0:0:0:0:1 - - [11/Aug/2017:09:43:15 +0700] "GET /favicon.ico HTTP/1.1" 404 -
0:0:0:0:0:0:0:1 - - [11/Aug/2017:09:43:18 +0700] "GET /sleman/docs/ HTTP/1.1" 404 306
0:0:0:0:0:0:0:1 - - [11/Aug/2017:09:44:06 +0700] "GET /sleman/docs/ HTTP/1.1" 404 306
0:0:0:0:0:0:0:1 - - [11/Aug/2017:09:44:08 +0700] "GET /sleman/docs/ HTTP/1.1" 404 306
0:0:0:0:0:0:0:1 - - [11/Aug/2017:09:58:26 +0700] "GET /sleman/docs/ HTTP/1.1" 404 306
0:0:0:0:0:0:0:1 - - [11/Aug/2017:09:58:27 +0700] "GET /sleman/docs/ HTTP/1.1" 404 306
0:0:0:0:0:0:0:1 - - [11/Aug/2017:09:58:28 +0700] "GET /sleman/docs/ HTTP/1.1" 404 306
0:0:0:0:0:0:0:1 - - [11/Aug/2017:09:58:28 +0700] "GET /sleman/docs/ HTTP/1.1" 404 306
0:0:0:0:0:0:0:1 - - [11/Aug/2017:09:58:28 +0700] "GET /sleman/docs/ HTTP/1.1" 404 306
0:0:0:0:0:0:0:1 - - [11/Aug/2017:09:58:28 +0700] "GET /sleman/docs/ HTTP/1.1" 404 306
0:0:0:0:0:0:0:1 - - [11/Aug/2017:09:58:32 +0700] "GET /sleman/docs HTTP/1.1" 302 -
0:0:0:0:0:0:0:1 - - [11/Aug/2017:09:58:32 +0700] "GET /sleman/docs/swagger-ui.html HTTP/1.1" 404 306
0:0:0:0:0:0:0:1 - - [11/Aug/2017:09:58:36 +0700] "GET /sleman/docs/swagger-ui.html HTTP/1.1" 404 306
0:0:0:0:0:0:0:1 - - [11/Aug/2017:10:00:09 +0700] "GET /sleman/docs/swagger-ui.html HTTP/1.1" 404 306
0:0:0:0:0:0:0:1 - - [11/Aug/2017:10:00:09 +0700] "GET /favicon.ico HTTP/1.1" 404 -
0:0:0:0:0:0:0:1 - - [11/Aug/2017:10:00:10 +0700] "GET /sleman/docs/swagger-ui.html HTTP/1.1" 404 306
0:0:0:0:0:0:0:1 - - [11/Aug/2017:10:00:10 +0700] "GET /favicon.ico HTTP/1.1" 404 -
0:0:0:0:0:0:0:1 - - [11/Aug/2017:10:00:10 +0700] "GET /sleman/docs/swagger-ui.html HTTP/1.1" 404 306
0:0:0:0:0:0:0:1 - - [11/Aug/2017:10:00:11 +0700] "GET /favicon.ico HTTP/1.1" 404 -
0:0:0:0:0:0:0:1 - - [11/Aug/2017:10:00:11 +0700] "GET /sleman/docs/swagger-ui.html HTTP/1.1" 404 306
0:0:0:0:0:0:0:1 - - [11/Aug/2017:10:00:11 +0700] "GET /sleman/docs/swagger-ui.html HTTP/1.1" 404 306
0:0:0:0:0:0:0:1 - - [11/Aug/2017:10:00:11 +0700] "GET /favicon.ico HTTP/1.1" 404 -
0:0:0:0:0:0:0:1 - - [11/Aug/2017:10:00:11 +0700] "GET /sleman/docs/swagger-ui.html HTTP/1.1" 404 306
0:0:0:0:0:0:0:1 - - [11/Aug/2017:10:00:11 +0700] "GET /favicon.ico HTTP/1.1" 404 -
0:0:0:0:0:0:0:1 - - [11/Aug/2017:10:00:11 +0700] "GET /sleman/docs/swagger-ui.html HTTP/1.1" 404 306
0:0:0:0:0:0:0:1 - - [11/Aug/2017:10:00:11 +0700] "GET /sleman/docs/swagger-ui.html HTTP/1.1" 404 306
0:0:0:0:0:0:0:1 - - [11/Aug/2017:10:00:11 +0700] "GET /favicon.ico HTTP/1.1" 404 -
0:0:0:0:0:0:0:1 - - [11/Aug/2017:10:00:12 +0700] "GET /sleman/docs/swagger-ui.html HTTP/1.1" 404 306
0:0:0:0:0:0:0:1 - - [11/Aug/2017:10:00:12 +0700] "GET /favicon.ico HTTP/1.1" 404 -
0:0:0:0:0:0:0:1 - - [11/Aug/2017:10:00:12 +0700] "GET /sleman/docs/swagger-ui.html HTTP/1.1" 404 306
0:0:0:0:0:0:0:1 - - [11/Aug/2017:10:00:12 +0700] "GET /favicon.ico HTTP/1.1" 404 -
0:0:0:0:0:0:0:1 - - [11/Aug/2017:10:00:12 +0700] "GET /sleman/docs/swagger-ui.html HTTP/1.1" 404 306
0:0:0:0:0:0:0:1 - - [11/Aug/2017:10:00:12 +0700] "GET /favicon.ico HTTP/1.1" 404 -
0:0:0:0:0:0:0:1 - - [11/Aug/2017:10:00:12 +0700] "GET /sleman/docs/swagger-ui.html HTTP/1.1" 404 306
0:0:0:0:0:0:0:1 - - [11/Aug/2017:10:00:12 +0700] "GET /favicon.ico HTTP/1.1" 404 -
0:0:0:0:0:0:0:1 - - [11/Aug/2017:10:00:12 +0700] "GET /sleman/docs/swagger-ui.html HTTP/1.1" 404 306
0:0:0:0:0:0:0:1 - - [11/Aug/2017:10:00:12 +0700] "GET /favicon.ico HTTP/1.1" 404 -
0:0:0:0:0:0:0:1 - - [11/Aug/2017:10:00:55 +0700] "GET /sleman/docs/swagger-ui.html HTTP/1.1" 404 306
0:0:0:0:0:0:0:1 - - [11/Aug/2017:10:00:55 +0700] "GET /favicon.ico HTTP/1.1" 404 -
0:0:0:0:0:0:0:1 - - [11/Aug/2017:10:01:32 +0700] "GET /sleman/product/find-by-id HTTP/1.1" 400 341
0:0:0:0:0:0:0:1 - - [11/Aug/2017:10:01:37 +0700] "GET /sleman/product/find-by-id?id=35246357 HTTP/1.1" 500 319
0:0:0:0:0:0:0:1 - - [11/Aug/2017:10:02:05 +0700] "GET /sleman/product/search?productSearch=test HTTP/1.1" 200 12
0:0:0:0:0:0:0:1 - - [11/Aug/2017:10:02:09 +0700] "GET /sleman/docs/ HTTP/1.1" 404 306
0:0:0:0:0:0:0:1 - - [11/Aug/2017:10:11:01 +0700] "GET /sleman/docs/ HTTP/1.1" 404 306
0:0:0:0:0:0:0:1 - - [11/Aug/2017:10:11:02 +0700] "GET /sleman/docs/ HTTP/1.1" 404 306
0:0:0:0:0:0:0:1 - - [11/Aug/2017:10:11:08 +0700] "GET /sleman/docs HTTP/1.1" 302 -
0:0:0:0:0:0:0:1 - - [11/Aug/2017:10:11:08 +0700] "GET /sleman/docs/swagger-ui.html HTTP/1.1" 404 306
0:0:0:0:0:0:0:1 - - [11/Aug/2017:10:14:57 +0700] "GET /sleman/docs/swagger-ui.html HTTP/1.1" 404 306
0:0:0:0:0:0:0:1 - - [11/Aug/2017:10:14:57 +0700] "GET /favicon.ico HTTP/1.1" 404 -
0:0:0:0:0:0:0:1 - - [11/Aug/2017:10:14:58 +0700] "GET /sleman/docs/swagger-ui.html HTTP/1.1" 404 306
0:0:0:0:0:0:0:1 - - [11/Aug/2017:10:14:58 +0700] "GET /sleman/docs/swagger-ui.html HTTP/1.1" 404 306
0:0:0:0:0:0:0:1 - - [11/Aug/2017:10:14:59 +0700] "GET /sleman/docs/swagger-ui.html HTTP/1.1" 404 306
0:0:0:0:0:0:0:1 - - [11/Aug/2017:10:14:59 +0700] "GET /sleman/docs/swagger-ui.html HTTP/1.1" 404 306
0:0:0:0:0:0:0:1 - - [11/Aug/2017:10:14:59 +0700] "GET /sleman/docs/swagger-ui.html HTTP/1.1" 404 306
0:0:0:0:0:0:0:1 - - [11/Aug/2017:10:14:59 +0700] "GET /sleman/docs/swagger-ui.html HTTP/1.1" 404 306
0:0:0:0:0:0:0:1 - - [11/Aug/2017:10:14:59 +0700] "GET /sleman/docs/swagger-ui.html HTTP/1.1" 404 306
0:0:0:0:0:0:0:1 - - [11/Aug/2017:10:14:59 +0700] "GET /sleman/docs/swagger-ui.html HTTP/1.1" 404 306
0:0:0:0:0:0:0:1 - - [11/Aug/2017:10:16:34 +0700] "GET /sleman/docs/swagger-ui.html HTTP/1.1" 404 306
0:0:0:0:0:0:0:1 - - [11/Aug/2017:10:17:06 +0700] "GET /sleman/docs/swagger-ui.html HTTP/1.1" 404 306
0:0:0:0:0:0:0:1 - - [11/Aug/2017:10:19:01 +0700] "GET /sleman/docs/swagger-ui.html HTTP/1.1" 404 306
0:0:0:0:0:0:0:1 - - [11/Aug/2017:10:19:02 +0700] "GET /sleman/docs/swagger-ui.html HTTP/1.1" 404 306
0:0:0:0:0:0:0:1 - - [11/Aug/2017:10:19:02 +0700] "GET /sleman/docs/swagger-ui.html HTTP/1.1" 404 306
0:0:0:0:0:0:0:1 - - [11/Aug/2017:10:19:47 +0700] "GET /sleman/docs/swagger-ui.html HTTP/1.1" 404 306
0:0:0:0:0:0:0:1 - - [11/Aug/2017:10:19:50 +0700] "GET /sleman/docs/swagger-ui.html HTTP/1.1" 404 306
0:0:0:0:0:0:0:1 - - [11/Aug/2017:10:23:30 +0700] "GET /sleman/docs/swagger-ui.html HTTP/1.1" 404 306
0:0:0:0:0:0:0:1 - - [11/Aug/2017:10:23:38 +0700] "GET /sleman/ HTTP/1.1" 404 306
0:0:0:0:0:0:0:1 - - [11/Aug/2017:10:23:41 +0700] "GET /sleman/docs HTTP/1.1" 302 -
0:0:0:0:0:0:0:1 - - [11/Aug/2017:10:23:41 +0700] "GET /sleman/docs/swagger-ui.html HTTP/1.1" 404 306
0:0:0:0:0:0:0:1 - - [11/Aug/2017:10:47:04 +0700] "GET /sleman/docs/swagger-ui.html HTTP/1.1" 404 306
0:0:0:0:0:0:0:1 - - [11/Aug/2017:10:47:07 +0700] "GET /sleman/docs/swagger-ui.html HTTP/1.1" 404 306
0:0:0:0:0:0:0:1 - - [11/Aug/2017:10:47:07 +0700] "GET /sleman/docs/swagger-ui.html HTTP/1.1" 404 306
0:0:0:0:0:0:0:1 - - [11/Aug/2017:10:47:08 +0700] "GET /sleman/docs/swagger-ui.html HTTP/1.1" 404 306
0:0:0:0:0:0:0:1 - - [11/Aug/2017:10:47:08 +0700] "GET /sleman/docs/swagger-ui.html HTTP/1.1" 404 306
0:0:0:0:0:0:0:1 - - [11/Aug/2017:10:47:08 +0700] "GET /sleman/docs/swagger-ui.html HTTP/1.1" 404 306
0:0:0:0:0:0:0:1 - - [11/Aug/2017:10:47:33 +0700] "GET /sleman/product/find-by-id?id=35246357 HTTP/1.1" 200 97
0:0:0:0:0:0:0:1 - - [11/Aug/2017:10:54:40 +0700] "GET /sleman/product/find-by-id?id=35246357 HTTP/1.1" 200 97
0:0:0:0:0:0:0:1 - - [11/Aug/2017:10:57:29 +0700] "GET /sleman/product/find-by-id?id=35246357 HTTP/1.1" 200 97
0:0:0:0:0:0:0:1 - - [11/Aug/2017:10:57:35 +0700] "GET /sleman/docs HTTP/1.1" 302 -
0:0:0:0:0:0:0:1 - - [11/Aug/2017:10:57:35 +0700] "GET /sleman/docs/swagger-ui.html HTTP/1.1" 404 306
0:0:0:0:0:0:0:1 - - [11/Aug/2017:11:01:31 +0700] "GET /sleman/docs/swagger-ui.html HTTP/1.1" 404 306
0:0:0:0:0:0:0:1 - - [11/Aug/2017:11:01:31 +0700] "GET /sleman/docs/swagger-ui.html HTTP/1.1" 404 306
0:0:0:0:0:0:0:1 - - [11/Aug/2017:11:01:32 +0700] "GET /sleman/docs/swagger-ui.html HTTP/1.1" 404 306
0:0:0:0:0:0:0:1 - - [11/Aug/2017:11:01:32 +0700] "GET /sleman/docs/swagger-ui.html HTTP/1.1" 404 306
0:0:0:0:0:0:0:1 - - [11/Aug/2017:11:01:32 +0700] "GET /sleman/docs/swagger-ui.html HTTP/1.1" 404 306
0:0:0:0:0:0:0:1 - - [11/Aug/2017:11:01:32 +0700] "GET /sleman/docs/swagger-ui.html HTTP/1.1" 404 306
0:0:0:0:0:0:0:1 - - [11/Aug/2017:11:01:32 +0700] "GET /sleman/docs/swagger-ui.html HTTP/1.1" 404 306
0:0:0:0:0:0:0:1 - - [11/Aug/2017:11:05:14 +0700] "GET /sleman/docs/swagger-ui.html HTTP/1.1" 404 306
0:0:0:0:0:0:0:1 - - [11/Aug/2017:11:05:18 +0700] "GET /sleman/docs/ HTTP/1.1" 404 306
0:0:0:0:0:0:0:1 - - [11/Aug/2017:11:05:20 +0700] "GET /sleman/docs HTTP/1.1" 302 -
0:0:0:0:0:0:0:1 - - [11/Aug/2017:11:05:20 +0700] "GET /sleman/docs/swagger-ui.html HTTP/1.1" 404 306
0:0:0:0:0:0:0:1 - - [11/Aug/2017:11:12:42 +0700] "GET /sleman/docs/swagger-ui.html HTTP/1.1" 404 306
0:0:0:0:0:0:0:1 - - [11/Aug/2017:11:19:24 +0700] "GET /sleman/docs/swagger-ui.html HTTP/1.1" 404 306
0:0:0:0:0:0:0:1 - - [11/Aug/2017:11:25:54 +0700] "GET /sleman/docs/swagger-ui.html HTTP/1.1" 404 306
0:0:0:0:0:0:0:1 - - [11/Aug/2017:11:25:59 +0700] "GET /sleman HTTP/1.1" 302 -
0:0:0:0:0:0:0:1 - - [11/Aug/2017:11:25:59 +0700] "GET /sleman/ HTTP/1.1" 404 306
0:0:0:0:0:0:0:1 - - [11/Aug/2017:11:26:03 +0700] "GET /sleman/docs/ HTTP/1.1" 404 306
0:0:0:0:0:0:0:1 - - [11/Aug/2017:11:26:05 +0700] "GET /sleman/docs HTTP/1.1" 302 -
0:0:0:0:0:0:0:1 - - [11/Aug/2017:11:26:05 +0700] "GET /sleman/docs/swagger-ui.html HTTP/1.1" 404 306
0:0:0:0:0:0:0:1 - - [11/Aug/2017:11:26:08 +0700] "GET /sleman/docs/swagger-ui.html HTTP/1.1" 404 306
0:0:0:0:0:0:0:1 - - [11/Aug/2017:11:26:08 +0700] "GET /sleman/docs/swagger-ui.html HTTP/1.1" 404 306
0:0:0:0:0:0:0:1 - - [11/Aug/2017:11:26:09 +0700] "GET /sleman/docs/swagger-ui.html HTTP/1.1" 404 306
0:0:0:0:0:0:0:1 - - [11/Aug/2017:11:26:09 +0700] "GET /sleman/docs/swagger-ui.html HTTP/1.1" 404 306
0:0:0:0:0:0:0:1 - - [11/Aug/2017:11:26:09 +0700] "GET /sleman/docs/swagger-ui.html HTTP/1.1" 404 306
0:0:0:0:0:0:0:1 - - [11/Aug/2017:11:26:09 +0700] "GET /sleman/docs/swagger-ui.html HTTP/1.1" 404 306
0:0:0:0:0:0:0:1 - - [11/Aug/2017:11:26:27 +0700] "GET /sleman/docs/v2/api-docs HTTP/1.1" 302 -
0:0:0:0:0:0:0:1 - - [11/Aug/2017:11:26:28 +0700] "GET /sleman/v2/api-docs HTTP/1.1" 200 28200
0:0:0:0:0:0:0:1 - - [11/Aug/2017:11:26:47 +0700] "GET /sleman/docs HTTP/1.1" 302 -
0:0:0:0:0:0:0:1 - - [11/Aug/2017:11:26:47 +0700] "GET /sleman/docs/swagger-ui.html HTTP/1.1" 404 306
0:0:0:0:0:0:0:1 - - [11/Aug/2017:11:29:24 +0700] "GET /sleman/docs/swagger-ui.html HTTP/1.1" 404 306
0:0:0:0:0:0:0:1 - - [11/Aug/2017:11:29:25 +0700] "GET /sleman/docs/swagger-ui.html HTTP/1.1" 404 306
0:0:0:0:0:0:0:1 - - [11/Aug/2017:11:29:25 +0700] "GET /sleman/docs/swagger-ui.html HTTP/1.1" 404 306
0:0:0:0:0:0:0:1 - - [11/Aug/2017:11:29:25 +0700] "GET /sleman/docs/swagger-ui.html HTTP/1.1" 404 306
0:0:0:0:0:0:0:1 - - [11/Aug/2017:11:29:26 +0700] "GET /sleman/docs/swagger-ui.html HTTP/1.1" 404 306
0:0:0:0:0:0:0:1 - - [11/Aug/2017:11:29:26 +0700] "GET /sleman/docs/swagger-ui.html HTTP/1.1" 404 306
0:0:0:0:0:0:0:1 - - [11/Aug/2017:11:29:26 +0700] "GET /sleman/docs/swagger-ui.html HTTP/1.1" 404 306
0:0:0:0:0:0:0:1 - - [11/Aug/2017:11:29:26 +0700] "GET /sleman/docs/swagger-ui.html HTTP/1.1" 404 306
0:0:0:0:0:0:0:1 - - [11/Aug/2017:11:29:26 +0700] "GET /sleman/docs/swagger-ui.html HTTP/1.1" 404 306
0:0:0:0:0:0:0:1 - - [11/Aug/2017:11:29:26 +0700] "GET /sleman/docs/swagger-ui.html HTTP/1.1" 404 306
0:0:0:0:0:0:0:1 - - [11/Aug/2017:11:29:29 +0700] "GET /sleman/docs/swagger-ui.html HTTP/1.1" 404 306
0:0:0:0:0:0:0:1 - - [11/Aug/2017:11:29:29 +0700] "GET /favicon.ico HTTP/1.1" 404 -
0:0:0:0:0:0:0:1 - - [11/Aug/2017:11:30:20 +0700] "GET /sleman/docs/swagger-ui.html HTTP/1.1" 404 306
0:0:0:0:0:0:0:1 - - [11/Aug/2017:11:32:04 +0700] "GET /sleman/docs/swagger-ui.html HTTP/1.1" 404 306
0:0:0:0:0:0:0:1 - - [11/Aug/2017:11:32:05 +0700] "GET /sleman/docs/swagger-ui.html HTTP/1.1" 404 306
0:0:0:0:0:0:0:1 - - [11/Aug/2017:11:32:05 +0700] "GET /sleman/docs/swagger-ui.html HTTP/1.1" 404 306
0:0:0:0:0:0:0:1 - - [11/Aug/2017:11:32:05 +0700] "GET /sleman/docs/swagger-ui.html HTTP/1.1" 404 306
0:0:0:0:0:0:0:1 - - [11/Aug/2017:11:32:15 +0700] "GET /sleman/spring-security-rest/api/swagger-ui.html HTTP/1.1" 404 306
0:0:0:0:0:0:0:1 - - [11/Aug/2017:11:32:25 +0700] "GET /sleman/api/swagger-ui.html HTTP/1.1" 404 306
0:0:0:0:0:0:0:1 - - [11/Aug/2017:11:32:39 +0700] "GET /sleman/docs HTTP/1.1" 302 -
0:0:0:0:0:0:0:1 - - [11/Aug/2017:11:32:39 +0700] "GET /sleman/docs/swagger-ui.html HTTP/1.1" 404 306
0:0:0:0:0:0:0:1 - - [11/Aug/2017:11:37:06 +0700] "GET /sleman/docs/swagger-ui.html HTTP/1.1" 404 306
0:0:0:0:0:0:0:1 - - [11/Aug/2017:11:37:07 +0700] "GET /favicon.ico HTTP/1.1" 404 -
0:0:0:0:0:0:0:1 - - [11/Aug/2017:11:37:08 +0700] "GET /sleman/docs/swagger-ui.html HTTP/1.1" 404 306
0:0:0:0:0:0:0:1 - - [11/Aug/2017:11:37:08 +0700] "GET /sleman/docs/swagger-ui.html HTTP/1.1" 404 306
0:0:0:0:0:0:0:1 - - [11/Aug/2017:11:37:08 +0700] "GET /sleman/docs/swagger-ui.html HTTP/1.1" 404 306
0:0:0:0:0:0:0:1 - - [11/Aug/2017:11:37:08 +0700] "GET /sleman/docs/swagger-ui.html HTTP/1.1" 404 306
0:0:0:0:0:0:0:1 - - [11/Aug/2017:11:37:08 +0700] "GET /sleman/docs/swagger-ui.html HTTP/1.1" 404 306
0:0:0:0:0:0:0:1 - - [11/Aug/2017:11:37:09 +0700] "GET /sleman/docs/swagger-ui.html HTTP/1.1" 404 306
0:0:0:0:0:0:0:1 - - [11/Aug/2017:11:37:09 +0700] "GET /sleman/docs/swagger-ui.html HTTP/1.1" 404 306
0:0:0:0:0:0:0:1 - - [11/Aug/2017:11:37:09 +0700] "GET /sleman/docs/swagger-ui.html HTTP/1.1" 404 306
0:0:0:0:0:0:0:1 - - [11/Aug/2017:11:37:09 +0700] "GET /sleman/docs/swagger-ui.html HTTP/1.1" 404 306
0:0:0:0:0:0:0:1 - - [11/Aug/2017:11:37:09 +0700] "GET /sleman/docs/swagger-ui.html HTTP/1.1" 404 306
0:0:0:0:0:0:0:1 - - [11/Aug/2017:11:37:09 +0700] "GET /sleman/docs/swagger-ui.html HTTP/1.1" 404 306
0:0:0:0:0:0:0:1 - - [11/Aug/2017:11:37:09 +0700] "GET /sleman/docs/swagger-ui.html HTTP/1.1" 404 306
0:0:0:0:0:0:0:1 - - [11/Aug/2017:11:37:10 +0700] "GET /sleman/docs/swagger-ui.html HTTP/1.1" 404 306
0:0:0:0:0:0:0:1 - - [11/Aug/2017:11:37:10 +0700] "GET /sleman/docs/swagger-ui.html HTTP/1.1" 404 306
0:0:0:0:0:0:0:1 - - [11/Aug/2017:11:37:10 +0700] "GET /sleman/docs/swagger-ui.html HTTP/1.1" 404 306
0:0:0:0:0:0:0:1 - - [11/Aug/2017:11:37:13 +0700] "GET /sleman HTTP/1.1" 302 -
0:0:0:0:0:0:0:1 - - [11/Aug/2017:11:37:13 +0700] "GET /sleman/ HTTP/1.1" 404 306
0:0:0:0:0:0:0:1 - - [11/Aug/2017:11:37:16 +0700] "GET /sleman/ocs/ HTTP/1.1" 404 306
0:0:0:0:0:0:0:1 - - [11/Aug/2017:11:37:20 +0700] "GET /sleman/ocs/ HTTP/1.1" 404 306
0:0:0:0:0:0:0:1 - - [11/Aug/2017:11:37:23 +0700] "GET /sleman/docs/ HTTP/1.1" 404 306
0:0:0:0:0:0:0:1 - - [11/Aug/2017:11:37:27 +0700] "GET /sleman/docs/v2/api-docs HTTP/1.1" 302 -
0:0:0:0:0:0:0:1 - - [11/Aug/2017:11:37:27 +0700] "GET /sleman/v2/api-docs HTTP/1.1" 200 28200
0:0:0:0:0:0:0:1 - - [11/Aug/2017:11:37:32 +0700] "GET /sleman/docs HTTP/1.1" 302 -
0:0:0:0:0:0:0:1 - - [11/Aug/2017:11:37:32 +0700] "GET /sleman/docs/swagger-ui.html HTTP/1.1" 404 306
0:0:0:0:0:0:0:1 - - [11/Aug/2017:15:42:50 +0700] "GET /sleman/docs/swagger-ui.html HTTP/1.1" 404 306
0:0:0:0:0:0:0:1 - - [11/Aug/2017:15:44:50 +0700] "GET /sleman/docs/swagger-ui.html HTTP/1.1" 404 306
0:0:0:0:0:0:0:1 - - [11/Aug/2017:15:47:35 +0700] "GET /sleman/docs/swagger-ui.html HTTP/1.1" 404 306
0:0:0:0:0:0:0:1 - - [11/Aug/2017:15:48:25 +0700] "GET /sleman/configuration/ui HTTP/1.1" 200 133
0:0:0:0:0:0:0:1 - - [11/Aug/2017:15:48:36 +0700] "GET /sleman/configuration/security HTTP/1.1" 200 81
0:0:0:0:0:0:0:1 - - [11/Aug/2017:15:48:40 +0700] "GET /sleman/docs/configuration/security HTTP/1.1" 302 -
0:0:0:0:0:0:0:1 - - [11/Aug/2017:15:48:40 +0700] "GET /sleman/configuration/security HTTP/1.1" 200 81
0:0:0:0:0:0:0:1 - - [11/Aug/2017:15:48:47 +0700] "GET /sleman/swagger-resources HTTP/1.1" 200 80
0:0:0:0:0:0:0:1 - - [11/Aug/2017:15:48:53 +0700] "GET /sleman/docs HTTP/1.1" 302 -
0:0:0:0:0:0:0:1 - - [11/Aug/2017:15:48:53 +0700] "GET /sleman/docs/swagger-ui.html HTTP/1.1" 404 306
0:0:0:0:0:0:0:1 - - [11/Aug/2017:15:59:55 +0700] "GET /sleman/docs/swagger-ui.html HTTP/1.1" 404 306
0:0:0:0:0:0:0:1 - - [11/Aug/2017:16:25:46 +0700] "GET /sleman/docs/swagger-ui.html HTTP/1.1" 404 306
0:0:0:0:0:0:0:1 - - [11/Aug/2017:16:26:58 +0700] "GET /partners-engine/docs/swagger-ui.html HTTP/1.1" 404 -
0:0:0:0:0:0:0:1 - - [11/Aug/2017:16:27:06 +0700] "GET /sleman/docs/swagger-ui.html HTTP/1.1" 404 306
0:0:0:0:0:0:0:1 - - [11/Aug/2017:17:24:24 +0700] "GET /sleman/docs HTTP/1.1" 302 -
0:0:0:0:0:0:0:1 - - [11/Aug/2017:17:24:24 +0700] "GET /sleman/docs/swagger-ui.html HTTP/1.1" 404 306
0:0:0:0:0:0:0:1 - - [11/Aug/2017:17:30:22 +0700] "GET /sleman/docs/swagger-ui.html HTTP/1.1" 404 306
0:0:0:0:0:0:0:1 - - [11/Aug/2017:17:31:10 +0700] "GET /sleman/docs/swagger-ui.html HTTP/1.1" 404 306
0:0:0:0:0:0:0:1 - - [11/Aug/2017:17:31:10 +0700] "GET /favicon.ico HTTP/1.1" 404 -
0:0:0:0:0:0:0:1 - - [11/Aug/2017:17:34:16 +0700] "GET /sleman/api-docs HTTP/1.1" 404 306
0:0:0:0:0:0:0:1 - - [11/Aug/2017:17:37:38 +0700] "GET /sleman/api HTTP/1.1" 404 306
0:0:0:0:0:0:0:1 - - [11/Aug/2017:17:37:44 +0700] "GET /sleman/api/swagger-ui.html HTTP/1.1" 404 306
0:0:0:0:0:0:0:1 - - [11/Aug/2017:17:37:47 +0700] "GET /sleman/docs/v2/api-docs HTTP/1.1" 302 -
0:0:0:0:0:0:0:1 - - [11/Aug/2017:17:37:47 +0700] "GET /sleman/v2/api-docs HTTP/1.1" 200 28200
0:0:0:0:0:0:0:1 - - [11/Aug/2017:17:37:55 +0700] "GET /sleman/docs HTTP/1.1" 302 -
0:0:0:0:0:0:0:1 - - [11/Aug/2017:17:37:55 +0700] "GET /sleman/docs/swagger-ui.html HTTP/1.1" 404 306
0:0:0:0:0:0:0:1 - - [11/Aug/2017:17:42:24 +0700] "GET /sleman/docs/swagger-ui.html HTTP/1.1" 404 306
0:0:0:0:0:0:0:1 - - [11/Aug/2017:17:42:25 +0700] "GET /sleman/docs/swagger-ui.html HTTP/1.1" 404 306
0:0:0:0:0:0:0:1 - - [11/Aug/2017:17:45:21 +0700] "GET /sleman/docs/swagger-ui.html HTTP/1.1" 404 306
0:0:0:0:0:0:0:1 - - [11/Aug/2017:17:45:46 +0700] "GET /sleman/docs HTTP/1.1" 302 -
0:0:0:0:0:0:0:1 - - [11/Aug/2017:17:45:46 +0700] "GET /sleman/docs/swagger-ui.html HTTP/1.1" 404 306
0:0:0:0:0:0:0:1 - - [11/Aug/2017:18:15:05 +0700] "GET /sleman/configuration/security HTTP/1.1" 200 81
0:0:0:0:0:0:0:1 - - [11/Aug/2017:18:15:11 +0700] "GET /sleman/configuration/ui HTTP/1.1" 200 133
0:0:0:0:0:0:0:1 - - [11/Aug/2017:18:16:10 +0700] "GET /sleman/docs/swagger-ui.html HTTP/1.1" 304 -
0:0:0:0:0:0:0:1 - - [11/Aug/2017:18:16:10 +0700] "GET /sleman/docs/configuration/ui HTTP/1.1" 302 -
0:0:0:0:0:0:0:1 - - [11/Aug/2017:18:16:10 +0700] "GET /sleman/configuration/ui HTTP/1.1" 200 133
0:0:0:0:0:0:0:1 - - [11/Aug/2017:18:16:10 +0700] "GET /sleman/docs/swagger-resources HTTP/1.1" 302 -
0:0:0:0:0:0:0:1 - - [11/Aug/2017:18:16:10 +0700] "GET /sleman/swagger-resources HTTP/1.1" 200 80
0:0:0:0:0:0:0:1 - - [11/Aug/2017:18:16:10 +0700] "GET /sleman/docs/v2/api-docs HTTP/1.1" 302 -
0:0:0:0:0:0:0:1 - - [11/Aug/2017:18:16:11 +0700] "GET /sleman/v2/api-docs HTTP/1.1" 200 28151
0:0:0:0:0:0:0:1 - - [11/Aug/2017:18:16:11 +0700] "GET /sleman/docs/configuration/security HTTP/1.1" 302 -
0:0:0:0:0:0:0:1 - - [11/Aug/2017:18:16:11 +0700] "GET /sleman/configuration/security HTTP/1.1" 200 81
0:0:0:0:0:0:0:1 - - [11/Aug/2017:18:17:28 +0700] "GET /sleman/docs/swagger-ui.html HTTP/1.1" 200 2869
0:0:0:0:0:0:0:1 - - [11/Aug/2017:18:17:28 +0700] "GET /sleman/docs/webjars/springfox-swagger-ui/css/screen.css HTTP/1.1" 200 44551
0:0:0:0:0:0:0:1 - - [11/Aug/2017:18:17:28 +0700] "GET /sleman/docs/webjars/springfox-swagger-ui/lib/jquery.slideto.min.js HTTP/1.1" 200 369
0:0:0:0:0:0:0:1 - - [11/Aug/2017:18:17:28 +0700] "GET /sleman/docs/webjars/springfox-swagger-ui/lib/jquery.wiggle.min.js HTTP/1.1" 200 762
0:0:0:0:0:0:0:1 - - [11/Aug/2017:18:17:28 +0700] "GET /sleman/docs/webjars/springfox-swagger-ui/lib/underscore-min.js HTTP/1.1" 200 15626
0:0:0:0:0:0:0:1 - - [11/Aug/2017:18:17:28 +0700] "GET /sleman/docs/webjars/springfox-swagger-ui/css/typography.css HTTP/1.1" 200 450
0:0:0:0:0:0:0:1 - - [11/Aug/2017:18:17:28 +0700] "GET /sleman/docs/webjars/springfox-swagger-ui/lib/jquery-1.8.0.min.js HTTP/1.1" 200 92555
0:0:0:0:0:0:0:1 - - [11/Aug/2017:18:17:28 +0700] "GET /sleman/docs/webjars/springfox-swagger-ui/css/reset.css HTTP/1.1" 200 1066
0:0:0:0:0:0:0:1 - - [11/Aug/2017:18:17:28 +0700] "GET /sleman/docs/webjars/springfox-swagger-ui/lib/backbone-min.js HTTP/1.1" 200 20390
0:0:0:0:0:0:0:1 - - [11/Aug/2017:18:17:28 +0700] "GET /sleman/docs/webjars/springfox-swagger-ui/lib/jquery.ba-bbq.min.js HTTP/1.1" 200 4119
0:0:0:0:0:0:0:1 - - [11/Aug/2017:18:17:28 +0700] "GET /sleman/docs/webjars/springfox-swagger-ui/lib/highlight.7.3.pack.js HTTP/1.1" 200 7499
0:0:0:0:0:0:0:1 - - [11/Aug/2017:18:17:28 +0700] "GET /sleman/docs/webjars/springfox-swagger-ui/lib/handlebars-2.0.0.js HTTP/1.1" 200 48517
0:0:0:0:0:0:0:1 - - [11/Aug/2017:18:17:28 +0700] "GET /sleman/docs/webjars/springfox-swagger-ui/lib/marked.js HTTP/1.1" 200 28156
0:0:0:0:0:0:0:1 - - [11/Aug/2017:18:17:28 +0700] "GET /sleman/docs/webjars/springfox-swagger-ui/swagger-ui.min.js HTTP/1.1" 200 326930
0:0:0:0:0:0:0:1 - - [11/Aug/2017:18:17:28 +0700] "GET /sleman/docs/webjars/springfox-swagger-ui/springfox.js HTTP/1.1" 200 3695
0:0:0:0:0:0:0:1 - - [11/Aug/2017:18:17:28 +0700] "GET /sleman/docs/webjars/springfox-swagger-ui/lib/swagger-oauth.js HTTP/1.1" 200 11183
0:0:0:0:0:0:0:1 - - [11/Aug/2017:18:17:28 +0700] "GET /sleman/docs/webjars/springfox-swagger-ui/lib/jsoneditor.min.js HTTP/1.1" 200 130042
0:0:0:0:0:0:0:1 - - [11/Aug/2017:18:17:28 +0700] "GET /sleman/docs/webjars/springfox-swagger-ui/css/print.css HTTP/1.1" 200 42365
0:0:0:0:0:0:0:1 - - [11/Aug/2017:18:17:28 +0700] "GET /sleman/docs/webjars/springfox-swagger-ui/images/logo_small.png HTTP/1.1" 200 770
0:0:0:0:0:0:0:1 - - [11/Aug/2017:18:17:28 +0700] "GET /sleman/docs/webjars/springfox-swagger-ui/fonts/DroidSans.ttf HTTP/1.1" 200 41028
0:0:0:0:0:0:0:1 - - [11/Aug/2017:18:17:28 +0700] "GET /sleman/docs/webjars/springfox-swagger-ui/fonts/DroidSans-Bold.ttf HTTP/1.1" 200 42480
0:0:0:0:0:0:0:1 - - [11/Aug/2017:18:17:28 +0700] "GET /sleman/docs/configuration/ui HTTP/1.1" 302 -
0:0:0:0:0:0:0:1 - - [11/Aug/2017:18:17:29 +0700] "GET /sleman/configuration/ui HTTP/1.1" 200 133
0:0:0:0:0:0:0:1 - - [11/Aug/2017:18:17:29 +0700] "GET /sleman/docs/images/favicon-32x32.png HTTP/1.1" 404 151
0:0:0:0:0:0:0:1 - - [11/Aug/2017:18:17:29 +0700] "GET /sleman/docs/swagger-resources HTTP/1.1" 302 -
0:0:0:0:0:0:0:1 - - [11/Aug/2017:18:17:29 +0700] "GET /sleman/docs/images/favicon-16x16.png HTTP/1.1" 404 151
0:0:0:0:0:0:0:1 - - [11/Aug/2017:18:17:29 +0700] "GET /sleman/swagger-resources HTTP/1.1" 200 80
0:0:0:0:0:0:0:1 - - [11/Aug/2017:18:17:29 +0700] "GET /sleman/docs/v2/api-docs HTTP/1.1" 302 -
0:0:0:0:0:0:0:1 - - [11/Aug/2017:18:17:29 +0700] "GET /sleman/v2/api-docs HTTP/1.1" 200 28200
0:0:0:0:0:0:0:1 - - [11/Aug/2017:18:17:29 +0700] "GET /sleman/docs/configuration/security HTTP/1.1" 302 -
0:0:0:0:0:0:0:1 - - [11/Aug/2017:18:17:29 +0700] "GET /sleman/configuration/security HTTP/1.1" 200 81
0:0:0:0:0:0:0:1 - - [11/Aug/2017:18:17:37 +0700] "GET /sleman/docs/swagger-ui.html HTTP/1.1" 304 -
0:0:0:0:0:0:0:1 - - [11/Aug/2017:18:17:37 +0700] "GET /sleman/docs/configuration/ui HTTP/1.1" 302 -
0:0:0:0:0:0:0:1 - - [11/Aug/2017:18:17:37 +0700] "GET /sleman/configuration/ui HTTP/1.1" 200 133
0:0:0:0:0:0:0:1 - - [11/Aug/2017:18:17:38 +0700] "GET /sleman/docs/swagger-resources HTTP/1.1" 302 -
0:0:0:0:0:0:0:1 - - [11/Aug/2017:18:17:38 +0700] "GET /sleman/swagger-resources HTTP/1.1" 200 80
0:0:0:0:0:0:0:1 - - [11/Aug/2017:18:17:38 +0700] "GET /sleman/docs/v2/api-docs HTTP/1.1" 302 -
0:0:0:0:0:0:0:1 - - [11/Aug/2017:18:17:38 +0700] "GET /sleman/v2/api-docs HTTP/1.1" 200 28200
0:0:0:0:0:0:0:1 - - [11/Aug/2017:18:17:38 +0700] "GET /sleman/docs/configuration/security HTTP/1.1" 302 -
0:0:0:0:0:0:0:1 - - [11/Aug/2017:18:17:38 +0700] "GET /sleman/configuration/security HTTP/1.1" 200 81
0:0:0:0:0:0:0:1 - - [11/Aug/2017:18:21:18 +0700] "GET /sleman/docs/swagger-ui.html HTTP/1.1" 304 -
0:0:0:0:0:0:0:1 - - [11/Aug/2017:18:21:19 +0700] "GET /sleman/docs/configuration/ui HTTP/1.1" 302 -
0:0:0:0:0:0:0:1 - - [11/Aug/2017:18:21:19 +0700] "GET /sleman/configuration/ui HTTP/1.1" 200 133
0:0:0:0:0:0:0:1 - - [11/Aug/2017:18:21:19 +0700] "GET /sleman/docs/swagger-resources HTTP/1.1" 302 -
0:0:0:0:0:0:0:1 - - [11/Aug/2017:18:21:19 +0700] "GET /sleman/swagger-resources HTTP/1.1" 200 80
0:0:0:0:0:0:0:1 - - [11/Aug/2017:18:21:19 +0700] "GET /sleman/docs/v2/api-docs HTTP/1.1" 302 -
0:0:0:0:0:0:0:1 - - [11/Aug/2017:18:21:19 +0700] "GET /sleman/v2/api-docs HTTP/1.1" 200 28195
0:0:0:0:0:0:0:1 - - [11/Aug/2017:18:21:19 +0700] "GET /sleman/docs/configuration/security HTTP/1.1" 302 -
0:0:0:0:0:0:0:1 - - [11/Aug/2017:18:21:20 +0700] "GET /sleman/configuration/security HTTP/1.1" 200 81
0:0:0:0:0:0:0:1 - - [11/Aug/2017:18:21:57 +0700] "GET /sleman/docs/swagger-ui.html HTTP/1.1" 304 -
0:0:0:0:0:0:0:1 - - [11/Aug/2017:18:21:57 +0700] "GET /sleman/docs/configuration/ui HTTP/1.1" 302 -
0:0:0:0:0:0:0:1 - - [11/Aug/2017:18:21:58 +0700] "GET /sleman/configuration/ui HTTP/1.1" 200 133
0:0:0:0:0:0:0:1 - - [11/Aug/2017:18:21:58 +0700] "GET /sleman/docs/swagger-resources HTTP/1.1" 302 -
0:0:0:0:0:0:0:1 - - [11/Aug/2017:18:21:58 +0700] "GET /sleman/swagger-resources HTTP/1.1" 200 80
0:0:0:0:0:0:0:1 - - [11/Aug/2017:18:21:58 +0700] "GET /sleman/docs/v2/api-docs HTTP/1.1" 302 -
0:0:0:0:0:0:0:1 - - [11/Aug/2017:18:21:58 +0700] "GET /sleman/v2/api-docs HTTP/1.1" 200 284
0:0:0:0:0:0:0:1 - - [11/Aug/2017:18:21:58 +0700] "GET /sleman/docs/configuration/security HTTP/1.1" 302 -
0:0:0:0:0:0:0:1 - - [11/Aug/2017:18:21:58 +0700] "GET /sleman/configuration/security HTTP/1.1" 200 81
0:0:0:0:0:0:0:1 - - [11/Aug/2017:18:22:04 +0700] "GET /sleman/docs/configuration/ui HTTP/1.1" 302 -
0:0:0:0:0:0:0:1 - - [11/Aug/2017:18:22:04 +0700] "GET /sleman/configuration/ui HTTP/1.1" 200 133
0:0:0:0:0:0:0:1 - - [11/Aug/2017:18:22:04 +0700] "GET /sleman/docs/swagger-resources HTTP/1.1" 302 -
0:0:0:0:0:0:0:1 - - [11/Aug/2017:18:22:04 +0700] "GET /sleman/swagger-resources HTTP/1.1" 200 80
0:0:0:0:0:0:0:1 - - [11/Aug/2017:18:22:04 +0700] "GET /sleman/docs/v2/api-docs HTTP/1.1" 302 -
0:0:0:0:0:0:0:1 - - [11/Aug/2017:18:22:04 +0700] "GET /sleman/v2/api-docs HTTP/1.1" 200 284
0:0:0:0:0:0:0:1 - - [11/Aug/2017:18:22:04 +0700] "GET /sleman/docs/configuration/security HTTP/1.1" 302 -
0:0:0:0:0:0:0:1 - - [11/Aug/2017:18:22:04 +0700] "GET /sleman/configuration/security HTTP/1.1" 200 81
0:0:0:0:0:0:0:1 - - [11/Aug/2017:18:25:19 +0700] "GET /sleman/docs/swagger-ui.html HTTP/1.1" 304 -
0:0:0:0:0:0:0:1 - - [11/Aug/2017:18:25:20 +0700] "GET /sleman/docs/configuration/ui HTTP/1.1" 302 -
0:0:0:0:0:0:0:1 - - [11/Aug/2017:18:25:20 +0700] "GET /sleman/configuration/ui HTTP/1.1" 200 133
0:0:0:0:0:0:0:1 - - [11/Aug/2017:18:25:20 +0700] "GET /sleman/docs/swagger-resources HTTP/1.1" 302 -
0:0:0:0:0:0:0:1 - - [11/Aug/2017:18:25:20 +0700] "GET /sleman/swagger-resources HTTP/1.1" 200 80
0:0:0:0:0:0:0:1 - - [11/Aug/2017:18:25:20 +0700] "GET /sleman/docs/v2/api-docs HTTP/1.1" 302 -
0:0:0:0:0:0:0:1 - - [11/Aug/2017:18:25:20 +0700] "GET /sleman/v2/api-docs HTTP/1.1" 200 284
0:0:0:0:0:0:0:1 - - [11/Aug/2017:18:25:20 +0700] "GET /sleman/docs/configuration/security HTTP/1.1" 302 -
0:0:0:0:0:0:0:1 - - [11/Aug/2017:18:25:20 +0700] "GET /sleman/configuration/security HTTP/1.1" 200 81
0:0:0:0:0:0:0:1 - - [11/Aug/2017:18:29:20 +0700] "GET /sleman/docs/swagger-ui.html HTTP/1.1" 304 -
0:0:0:0:0:0:0:1 - - [11/Aug/2017:18:29:20 +0700] "GET /sleman/docs/configuration/ui HTTP/1.1" 302 -
0:0:0:0:0:0:0:1 - - [11/Aug/2017:18:29:20 +0700] "GET /sleman/configuration/ui HTTP/1.1" 200 133
0:0:0:0:0:0:0:1 - - [11/Aug/2017:18:29:21 +0700] "GET /sleman/docs/swagger-resources HTTP/1.1" 302 -
0:0:0:0:0:0:0:1 - - [11/Aug/2017:18:29:21 +0700] "GET /sleman/swagger-resources HTTP/1.1" 200 80
0:0:0:0:0:0:0:1 - - [11/Aug/2017:18:29:21 +0700] "GET /sleman/docs/v2/api-docs HTTP/1.1" 302 -
0:0:0:0:0:0:0:1 - - [11/Aug/2017:18:29:21 +0700] "GET /sleman/v2/api-docs HTTP/1.1" 200 284
0:0:0:0:0:0:0:1 - - [11/Aug/2017:18:29:21 +0700] "GET /sleman/docs/configuration/security HTTP/1.1" 302 -
0:0:0:0:0:0:0:1 - - [11/Aug/2017:18:29:21 +0700] "GET /sleman/configuration/security HTTP/1.1" 200 81
0:0:0:0:0:0:0:1 - - [11/Aug/2017:18:30:28 +0700] "GET /sleman/docs/swagger-ui.html HTTP/1.1" 304 -
0:0:0:0:0:0:0:1 - - [11/Aug/2017:18:30:28 +0700] "GET /sleman/docs/configuration/ui HTTP/1.1" 302 -
0:0:0:0:0:0:0:1 - - [11/Aug/2017:18:30:28 +0700] "GET /sleman/configuration/ui HTTP/1.1" 200 133
0:0:0:0:0:0:0:1 - - [11/Aug/2017:18:30:28 +0700] "GET /sleman/docs/swagger-resources HTTP/1.1" 302 -
0:0:0:0:0:0:0:1 - - [11/Aug/2017:18:30:28 +0700] "GET /sleman/swagger-resources HTTP/1.1" 200 80
0:0:0:0:0:0:0:1 - - [11/Aug/2017:18:30:28 +0700] "GET /sleman/docs/v2/api-docs HTTP/1.1" 302 -
0:0:0:0:0:0:0:1 - - [11/Aug/2017:18:30:29 +0700] "GET /sleman/v2/api-docs HTTP/1.1" 200 13174
0:0:0:0:0:0:0:1 - - [11/Aug/2017:18:30:29 +0700] "GET /sleman/docs/configuration/security HTTP/1.1" 302 -
0:0:0:0:0:0:0:1 - - [11/Aug/2017:18:30:29 +0700] "GET /sleman/configuration/security HTTP/1.1" 200 81
0:0:0:0:0:0:0:1 - - [11/Aug/2017:18:30:42 +0700] "GET /sleman/docs/webjars/springfox-swagger-ui/images/throbber.gif HTTP/1.1" 200 9257
0:0:0:0:0:0:0:1 - - [11/Aug/2017:18:31:09 +0700] "POST /sleman/api/employee/create HTTP/1.1" 200 58
0:0:0:0:0:0:0:1 - - [11/Aug/2017:18:32:28 +0700] "GET /sleman/docs/swagger-ui.html HTTP/1.1" 304 -
0:0:0:0:0:0:0:1 - - [11/Aug/2017:18:32:28 +0700] "GET /sleman/docs/configuration/ui HTTP/1.1" 302 -
0:0:0:0:0:0:0:1 - - [11/Aug/2017:18:32:28 +0700] "GET /sleman/configuration/ui HTTP/1.1" 200 133
0:0:0:0:0:0:0:1 - - [11/Aug/2017:18:32:28 +0700] "GET /sleman/docs/swagger-resources HTTP/1.1" 302 -
0:0:0:0:0:0:0:1 - - [11/Aug/2017:18:32:28 +0700] "GET /sleman/swagger-resources HTTP/1.1" 200 80
0:0:0:0:0:0:0:1 - - [11/Aug/2017:18:32:28 +0700] "GET /sleman/docs/v2/api-docs HTTP/1.1" 302 -
0:0:0:0:0:0:0:1 - - [11/Aug/2017:18:32:28 +0700] "GET /sleman/v2/api-docs HTTP/1.1" 200 13174
0:0:0:0:0:0:0:1 - - [11/Aug/2017:18:32:28 +0700] "GET /sleman/docs/configuration/security HTTP/1.1" 302 -
0:0:0:0:0:0:0:1 - - [11/Aug/2017:18:32:28 +0700] "GET /sleman/configuration/security HTTP/1.1" 200 81
0:0:0:0:0:0:0:1 - - [11/Aug/2017:18:32:31 +0700] "POST /sleman/api/employee/create HTTP/1.1" 404 141
0:0:0:0:0:0:0:1 - - [11/Aug/2017:18:34:10 +0700] "POST /sleman/api/employee/create HTTP/1.1" 200 260
0:0:0:0:0:0:0:1 - - [11/Aug/2017:18:34:35 +0700] "POST /sleman/api/employee/create HTTP/1.1" 200 139
0:0:0:0:0:0:0:1 - - [11/Aug/2017:18:34:48 +0700] "GET /sleman/docs/swagger-ui.html HTTP/1.1" 304 -
0:0:0:0:0:0:0:1 - - [11/Aug/2017:18:34:48 +0700] "GET /sleman/docs/configuration/ui HTTP/1.1" 302 -
0:0:0:0:0:0:0:1 - - [11/Aug/2017:18:34:48 +0700] "GET /sleman/configuration/ui HTTP/1.1" 200 133
0:0:0:0:0:0:0:1 - - [11/Aug/2017:18:34:48 +0700] "GET /sleman/docs/swagger-resources HTTP/1.1" 302 -
0:0:0:0:0:0:0:1 - - [11/Aug/2017:18:34:48 +0700] "GET /sleman/swagger-resources HTTP/1.1" 200 80
0:0:0:0:0:0:0:1 - - [11/Aug/2017:18:34:48 +0700] "GET /sleman/docs/v2/api-docs HTTP/1.1" 302 -
0:0:0:0:0:0:0:1 - - [11/Aug/2017:18:34:48 +0700] "GET /sleman/v2/api-docs HTTP/1.1" 200 9785
0:0:0:0:0:0:0:1 - - [11/Aug/2017:18:34:49 +0700] "GET /sleman/docs/configuration/security HTTP/1.1" 302 -
0:0:0:0:0:0:0:1 - - [11/Aug/2017:18:34:49 +0700] "GET /sleman/configuration/security HTTP/1.1" 200 81
0:0:0:0:0:0:0:1 - - [14/Aug/2017:09:16:32 +0700] "GET /MTA/ HTTP/1.1" 404 -
0:0:0:0:0:0:0:1 - - [14/Aug/2017:09:16:44 +0700] "GET /sleman/docs HTTP/1.1" 302 -
0:0:0:0:0:0:0:1 - - [14/Aug/2017:09:16:45 +0700] "GET /sleman/docs/configuration/ui HTTP/1.1" 302 -
0:0:0:0:0:0:0:1 - - [14/Aug/2017:09:16:45 +0700] "GET /sleman/configuration/ui HTTP/1.1" 200 133
0:0:0:0:0:0:0:1 - - [14/Aug/2017:09:16:45 +0700] "GET /sleman/docs/swagger-resources HTTP/1.1" 302 -
0:0:0:0:0:0:0:1 - - [14/Aug/2017:09:16:45 +0700] "GET /sleman/swagger-resources HTTP/1.1" 200 80
0:0:0:0:0:0:0:1 - - [14/Aug/2017:09:16:45 +0700] "GET /sleman/docs/images/favicon-32x32.png HTTP/1.1" 404 151
0:0:0:0:0:0:0:1 - - [14/Aug/2017:09:16:45 +0700] "GET /sleman/docs/v2/api-docs HTTP/1.1" 302 -
0:0:0:0:0:0:0:1 - - [14/Aug/2017:09:16:45 +0700] "GET /sleman/docs/images/favicon-16x16.png HTTP/1.1" 404 151
0:0:0:0:0:0:0:1 - - [14/Aug/2017:09:16:45 +0700] "GET /sleman/v2/api-docs HTTP/1.1" 200 9785
0:0:0:0:0:0:0:1 - - [14/Aug/2017:09:16:45 +0700] "GET /sleman/docs/configuration/security HTTP/1.1" 302 -
0:0:0:0:0:0:0:1 - - [14/Aug/2017:09:16:45 +0700] "GET /sleman/configuration/security HTTP/1.1" 200 81
0:0:0:0:0:0:0:1 - - [14/Aug/2017:09:41:44 +0700] "GET /sleman/docs/swagger-ui.html HTTP/1.1" 304 -
0:0:0:0:0:0:0:1 - - [14/Aug/2017:09:41:44 +0700] "GET /sleman/docs/configuration/ui HTTP/1.1" 302 -
0:0:0:0:0:0:0:1 - - [14/Aug/2017:09:41:44 +0700] "GET /sleman/configuration/ui HTTP/1.1" 200 133
0:0:0:0:0:0:0:1 - - [14/Aug/2017:09:41:44 +0700] "GET /sleman/docs/swagger-resources HTTP/1.1" 302 -
0:0:0:0:0:0:0:1 - - [14/Aug/2017:09:41:44 +0700] "GET /sleman/swagger-resources HTTP/1.1" 200 80
0:0:0:0:0:0:0:1 - - [14/Aug/2017:09:41:44 +0700] "GET /sleman/docs/v2/api-docs HTTP/1.1" 302 -
0:0:0:0:0:0:0:1 - - [14/Aug/2017:09:41:44 +0700] "GET /sleman/v2/api-docs HTTP/1.1" 200 9785
0:0:0:0:0:0:0:1 - - [14/Aug/2017:09:41:44 +0700] "GET /sleman/docs/configuration/security HTTP/1.1" 302 -
0:0:0:0:0:0:0:1 - - [14/Aug/2017:09:41:44 +0700] "GET /sleman/configuration/security HTTP/1.1" 200 81
0:0:0:0:0:0:0:1 - - [14/Aug/2017:09:41:50 +0700] "GET /sleman/docs/webjars/springfox-swagger-ui/images/throbber.gif HTTP/1.1" 200 9257
0:0:0:0:0:0:0:1 - - [14/Aug/2017:10:14:39 +0700] "GET /MTA/ HTTP/1.1" 404 -
0:0:0:0:0:0:0:1 - - [14/Aug/2017:10:14:54 +0700] "GET /sleman/docs HTTP/1.1" 302 -
0:0:0:0:0:0:0:1 - - [14/Aug/2017:10:14:55 +0700] "GET /sleman/docs/configuration/ui HTTP/1.1" 302 -
0:0:0:0:0:0:0:1 - - [14/Aug/2017:10:14:55 +0700] "GET /sleman/configuration/ui HTTP/1.1" 200 133
0:0:0:0:0:0:0:1 - - [14/Aug/2017:10:14:55 +0700] "GET /sleman/docs/swagger-resources HTTP/1.1" 302 -
0:0:0:0:0:0:0:1 - - [14/Aug/2017:10:14:55 +0700] "GET /sleman/swagger-resources HTTP/1.1" 200 80
0:0:0:0:0:0:0:1 - - [14/Aug/2017:10:14:55 +0700] "GET /sleman/docs/v2/api-docs HTTP/1.1" 302 -
0:0:0:0:0:0:0:1 - - [14/Aug/2017:10:14:55 +0700] "GET /sleman/v2/api-docs HTTP/1.1" 200 9785
0:0:0:0:0:0:0:1 - - [14/Aug/2017:10:14:55 +0700] "GET /sleman/docs/configuration/security HTTP/1.1" 302 -
0:0:0:0:0:0:0:1 - - [14/Aug/2017:10:14:55 +0700] "GET /sleman/configuration/security HTTP/1.1" 200 81
0:0:0:0:0:0:0:1 - - [14/Aug/2017:10:15:01 +0700] "GET /sleman/api/product/search?productSearch=test HTTP/1.1" 200 58
0:0:0:0:0:0:0:1 - - [14/Aug/2017:10:15:08 +0700] "GET /sleman/api/product/search?productSearch=a HTTP/1.1" 200 58
0:0:0:0:0:0:0:1 - - [14/Aug/2017:10:15:09 +0700] "GET /sleman/api/product/search?productSearch=a HTTP/1.1" 200 58
0:0:0:0:0:0:0:1 - - [14/Aug/2017:10:15:45 +0700] "POST /sleman/api/product/create HTTP/1.1" 200 191
0:0:0:0:0:0:0:1 - - [14/Aug/2017:10:15:51 +0700] "POST /sleman/api/product/create HTTP/1.1" 200 191
0:0:0:0:0:0:0:1 - - [14/Aug/2017:10:16:13 +0700] "POST /sleman/api/product/create HTTP/1.1" 200 192
0:0:0:0:0:0:0:1 - - [14/Aug/2017:10:16:50 +0700] "POST /sleman/api/employee/create HTTP/1.1" 200 140
0:0:0:0:0:0:0:1 - - [14/Aug/2017:10:18:45 +0700] "POST /sleman/api/transaction/create HTTP/1.1" 200 801
0:0:0:0:0:0:0:1 - - [14/Aug/2017:10:19:06 +0700] "POST /sleman/api/transaction/create HTTP/1.1" 200 801
0:0:0:0:0:0:0:1 - - [14/Aug/2017:10:19:24 +0700] "POST /sleman/api/transaction/create HTTP/1.1" 200 503
0:0:0:0:0:0:0:1 - - [14/Aug/2017:10:20:06 +0700] "POST /sleman/api/transaction/create HTTP/1.1" 200 560
0:0:0:0:0:0:0:1 - - [14/Aug/2017:10:26:09 +0700] "POST /sleman/api/transaction/create HTTP/1.1" 200 560
0:0:0:0:0:0:0:1 - - [14/Aug/2017:10:26:49 +0700] "POST /sleman/api/transaction/create HTTP/1.1" 200 560
0:0:0:0:0:0:0:1 - - [14/Aug/2017:10:33:09 +0700] "POST /sleman/api/transaction/create HTTP/1.1" 200 560
0:0:0:0:0:0:0:1 - - [14/Aug/2017:10:39:32 +0700] "POST /sleman/api/transaction/create HTTP/1.1" 200 560
0:0:0:0:0:0:0:1 - - [14/Aug/2017:10:40:35 +0700] "POST /sleman/api/transaction/create HTTP/1.1" 200 540
0:0:0:0:0:0:0:1 - - [14/Aug/2017:11:13:34 +0700] "GET /sleman/api/employee/find-by-username-password?username=master&password=master HTTP/1.1" 200 106
0:0:0:0:0:0:0:1 - - [14/Aug/2017:11:20:33 +0700] "GET /sleman/api/employee/find-by-username-password?username=master&password=master HTTP/1.1" 200 97
0:0:0:0:0:0:0:1 - - [14/Aug/2017:12:10:45 +0700] "POST /sleman/api/employee/create HTTP/1.1" 200 125
0:0:0:0:0:0:0:1 - - [14/Aug/2017:12:10:57 +0700] "GET /sleman/api/employee/find-by-username-password?username=joko.maryono&password=master HTTP/1.1" 200 97
0:0:0:0:0:0:0:1 - - [14/Aug/2017:12:10:59 +0700] "GET /sleman/api/employee/find-by-username-password?username=joko.maryono&password=master HTTP/1.1" 200 97
0:0:0:0:0:0:0:1 - - [14/Aug/2017:12:59:00 +0700] "POST /sleman/api/employee/create HTTP/1.1" 200 125
0:0:0:0:0:0:0:1 - - [14/Aug/2017:12:59:02 +0700] "GET /sleman/api/employee/find-by-username-password?username=joko.maryono&password=master HTTP/1.1" 200 125
0:0:0:0:0:0:0:1 - - [14/Aug/2017:17:23:30 +0700] "GET /sleman/api/employee/find-by-username-password?username=joko.maryono&password=master HTTP/1.1" 200 125
